Build started 4/16/2011 10:17:19 PM.
     1>Project "C:\Users\Bryce\documents\visual studio 2010\Projects\Knights_Realm\Knights_Realm\Knights_Realm.vcxproj" on node 2 (build target(s)).
     1>InitializeBuildStatus:
         Creating "Release\Knights_Realm.unsuccessfulbuild" because "AlwaysCreate" was specified.
       ClCompile:
         C:\Program Files (x86)\Microsoft Visual Studio 10.0\VC\bin\CL.exe /c /Zi /nologo /W3 /WX- /O2 /Oi /Oy- /GL /D WIN32 /D NDEBUG /D _WINDOWS /D _USRDLL /D KNIGHTS_REALM_EXPORTS /D _WINDLL /D _UNICODE /D UNICODE /Gm- /EHsc /MD /GS /Gy /fp:precise /Zc:wchar_t /Zc:forScope /Fo"Release\\" /Fd"Release\vc100.pdb" /Gd /TP /analyze- /errorReport:prompt eventmgr.cpp game.cpp
         eventmgr.cpp
         game.cpp
     1>game.cpp(156): warning C4244: 'argument' : conversion from 'float' to 'int', possible loss of data
     1>game.cpp(156): warning C4244: 'argument' : conversion from 'float' to 'int', possible loss of data
     1>C:\Program Files (x86)\MSBuild\Microsoft.Cpp\v4.0\Microsoft.CppBuild.targets(990,5): warning MSB8012: TargetPath(C:\Users\Bryce\documents\visual studio 2010\Projects\Knights_Realm\Release\Knights_Realm.dll) does not match the Linker's OutputFile property value (C:\Users\Bryce\documents\visual studio 2010\Projects\Knights_Realm\Knights_Realm\engine.pyd). This may cause your project to build incorrectly. To correct this, please make sure that $(OutDir), $(TargetName) and $(TargetExt) property values match the value specified in %(Link.OutputFile).
     1>C:\Program Files (x86)\MSBuild\Microsoft.Cpp\v4.0\Microsoft.CppBuild.targets(991,5): warning MSB8012: TargetExt(.dll) does not match the Linker's OutputFile property value (.pyd). This may cause your project to build incorrectly. To correct this, please make sure that $(OutDir), $(TargetName) and $(TargetExt) property values match the value specified in %(Link.OutputFile).
     1>C:\Program Files (x86)\MSBuild\Microsoft.Cpp\v4.0\Microsoft.CppBuild.targets(992,5): warning MSB8012: TargetName(Knights_Realm) does not match the Linker's OutputFile property value (engine). This may cause your project to build incorrectly. To correct this, please make sure that $(OutDir), $(TargetName) and $(TargetExt) property values match the value specified in %(Link.OutputFile).
       Link:
         C:\Program Files (x86)\Microsoft Visual Studio 10.0\VC\bin\link.exe /ERRORREPORT:PROMPT /OUT:"engine.pyd" /INCREMENTAL:NO /NOLOGO SDL.lib SDLmain.lib SDL_ttf.lib SDL_image.lib opengl32.lib glu32.lib python26.lib "boost_python-vc100-mt-1_44.lib" kernel32.lib user32.lib gdi32.lib winspool.lib comdlg32.lib advapi32.lib shell32.lib ole32.lib oleaut32.lib uuid.lib odbc32.lib odbccp32.lib /MANIFEST /ManifestFile:"Release\Knights_Realm.dll.intermediate.manifest" /MANIFESTUAC:"level='asInvoker' uiAccess='false'" /DEBUG /PDB:"C:\Users\Bryce\documents\visual studio 2010\Projects\Knights_Realm\Release\Knights_Realm.pdb" /SUBSYSTEM:WINDOWS /OPT:REF /OPT:ICF /LTCG /TLBID:1 /DYNAMICBASE /NXCOMPAT /IMPLIB:"C:\Users\Bryce\documents\visual studio 2010\Projects\Knights_Realm\Release\Knights_Realm.lib" /MACHINE:X86 /DLL Release\ai.obj
         Release\animation.obj
         Release\camera.obj
         Release\collision.obj
         Release\draw.obj
         Release\eventmgr.obj
         Release\frame.obj
         Release\game.obj
         Release\Init.obj
         Release\krutil.obj
         Release\map.obj
         Release\menu.obj
         Release\micropather.obj
         Release\node.obj
         Release\particle.obj
         Release\player.obj
         Release\pythonwrap.obj
         Release\rect.obj
         Release\script.obj
         Release\sprite.obj
         Release\text.obj
         Release\texture.obj
         Release\tinystr.obj
         Release\tinyxml.obj
         Release\tinyxmlerror.obj
         Release\tinyxmlparser.obj
            Creating library C:\Users\Bryce\documents\visual studio 2010\Projects\Knights_Realm\Release\Knights_Realm.lib and object C:\Users\Bryce\documents\visual studio 2010\Projects\Knights_Realm\Release\Knights_Realm.exp
         Generating code
     1>c:\users\bryce\documents\visual studio 2010\projects\knights_realm\knights_realm\timer.h(23): warning C4715: 'Timer::GetTicks' : not all control paths return a value
     1>c:\users\bryce\documents\visual studio 2010\projects\knights_realm\knights_realm\collision.cpp(95): warning C4700: uninitialized local variable 'ext1' used
         Finished generating code
         Knights_Realm.vcxproj -> C:\Users\Bryce\documents\visual studio 2010\Projects\Knights_Realm\Release\Knights_Realm.dll
       Manifest:
         C:\Program Files (x86)\Microsoft SDKs\Windows\v7.0A\bin\mt.exe /nologo /verbose /outputresource:"engine.pyd;#2" /manifest Release\Knights_Realm.dll.intermediate.manifest
       FinalizeBuildStatus:
         Deleting file "Release\Knights_Realm.unsuccessfulbuild".
         Touching "Release\Knights_Realm.lastbuildstate".
     1>Done Building Project "C:\Users\Bryce\documents\visual studio 2010\Projects\Knights_Realm\Knights_Realm\Knights_Realm.vcxproj" (build target(s)).

Build succeeded.

Time Elapsed 00:00:17.49
